0 info it worked if it ends with ok
1 verbose cli [ '/Users/scott/.nvm/versions/node/v6.2.1/bin/node',
1 verbose cli   '/Users/scott/.nvm/versions/node/v6.2.1/bin/npm',
1 verbose cli   'start' ]
2 info using npm@3.9.3
3 info using node@v6.2.1
4 verbose run-script [ 'prestart', 'start', 'poststart' ]
5 info lifecycle cielo-monitor@1.0.0~prestart: cielo-monitor@1.0.0
6 silly lifecycle cielo-monitor@1.0.0~prestart: no script for prestart, continuing
7 info lifecycle cielo-monitor@1.0.0~start: cielo-monitor@1.0.0
8 verbose lifecycle cielo-monitor@1.0.0~start: unsafe-perm in lifecycle true
9 verbose lifecycle cielo-monitor@1.0.0~start: PATH: /Users/scott/.nvm/versions/node/v6.2.1/lib/node_modules/npm/bin/node-gyp-bin:/Users/scott/Code/cielo-monitor/node_modules/.bin:/Users/scott/.nvm/versions/node/v6.2.1/bin:/Library/Frameworks/Python.framework/Versions/3.6/bin:/Library/Frameworks/Python.framework/Versions/3.4/bin:/Users/scott/.nvm/versions/node/v6.2.1/bin:/opt/local/lib/postgresql92/bin:/opt/local/lib/postgresql92/bin:/opt/local/bin:/opt/local/sbin:/usr/local/bin:/Users/scott/.rvm/gems/ruby-2.0.0-p195/bin:/Users/scott/.rvm/gems/ruby-2.0.0-p195@global/bin:/Users/scott/.rvm/rubies/ruby-2.0.0-p195/bin:/Users/scott/.rvm/bin:/usr/local/bin:/usr/bin:/bin:/usr/sbin:/sbin:/opt/X11/bin:/usr/local/git/bin:/usr/local/mysql/bin:/Users/scott/.rvm/bin
10 verbose lifecycle cielo-monitor@1.0.0~start: CWD: /Users/scott/Code/cielo-monitor
11 silly lifecycle cielo-monitor@1.0.0~start: Args: [ '-c', 'node index' ]
12 silly lifecycle cielo-monitor@1.0.0~start: Returned: code: 1  signal: null
13 info lifecycle cielo-monitor@1.0.0~start: Failed to exec start script
14 verbose stack Error: cielo-monitor@1.0.0 start: `node index`
14 verbose stack Exit status 1
14 verbose stack     at EventEmitter.<anonymous> (/Users/scott/.nvm/versions/node/v6.2.1/lib/node_modules/npm/lib/utils/lifecycle.js:245:16)
14 verbose stack     at emitTwo (events.js:106:13)
14 verbose stack     at EventEmitter.emit (events.js:191:7)
14 verbose stack     at ChildProcess.<anonymous> (/Users/scott/.nvm/versions/node/v6.2.1/lib/node_modules/npm/lib/utils/spawn.js:24:14)
14 verbose stack     at emitTwo (events.js:106:13)
14 verbose stack     at ChildProcess.emit (events.js:191:7)
14 verbose stack     at maybeClose (internal/child_process.js:852:16)
14 verbose stack     at Process.ChildProcess._handle.onexit (internal/child_process.js:215:5)
15 verbose pkgid cielo-monitor@1.0.0
16 verbose cwd /Users/scott/Code/cielo-monitor
17 error Darwin 16.6.0
18 error argv "/Users/scott/.nvm/versions/node/v6.2.1/bin/node" "/Users/scott/.nvm/versions/node/v6.2.1/bin/npm" "start"
19 error node v6.2.1
20 error npm  v3.9.3
21 error code ELIFECYCLE
22 error cielo-monitor@1.0.0 start: `node index`
22 error Exit status 1
23 error Failed at the cielo-monitor@1.0.0 start script 'node index'.
23 error Make sure you have the latest version of node.js and npm installed.
23 error If you do, this is most likely a problem with the cielo-monitor package,
23 error not with npm itself.
23 error Tell the author that this fails on your system:
23 error     node index
23 error You can get information on how to open an issue for this project with:
23 error     npm bugs cielo-monitor
23 error Or if that isn't available, you can get their info via:
23 error     npm owner ls cielo-monitor
23 error There is likely additional logging output above.
24 verbose exit [ 1, true ]
